<?xml version="1.0" encoding="UTF-8"?>
<testng-results ignored="0" total="53" passed="53" failed="0" skipped="0">
  <reporter-output>
  </reporter-output>
  <suite started-at="2020-11-05T09:22:50 PET" name="cs.lab.DNASequencerTest" finished-at="2020-11-05T09:22:51 PET" duration-ms="608">
    <groups>
    </groups>
    <test started-at="2020-11-05T09:22:50 PET" name="Command line test" finished-at="2020-11-05T09:22:51 PET" duration-ms="608">
      <class name="cs.lab.DNASequencerTest">
        <test-method signature="testCase0()[pri:0, instance:cs.lab.DNASequencerTest@15923407]" started-at="2020-11-05T09:22:50 PET" name="testCase0" finished-at="2020-11-05T09:22:50 PET" duration-ms="71" status="PASS">
          <reporter-output>
          </reporter-output>
        </test-method> <!-- testCase0 -->
        <test-method signature="testCase1()[pri:0, instance:cs.lab.DNASequencerTest@15923407]" started-at="2020-11-05T09:22:50 PET" name="testCase1" finished-at="2020-11-05T09:22:50 PET" duration-ms="6" status="PASS">
          <exception class="cs.lab.SubseqLength">
            <message>
              <![CDATA[Very long subsequence]]>
            </message>
            <full-stacktrace>
              <![CDATA[cs.lab.SubseqLength: Very long subsequence
at cs.lab.DNASequencer.calculate(DNASequencer.java:42)
at cs.lab.DNASequencerTest.generic(DNASequencerTest.java:36)
at cs.lab.DNASequencerTest.testCase1(DNASequencerTest.java:19)
at java.base/jdk.internal.reflect.NativeMethodAccessorImpl.invoke0(Native Method)
at java.base/jdk.internal.reflect.NativeMethodAccessorImpl.invoke(NativeMethodAccessorImpl.java:62)
at java.base/jdk.internal.reflect.DelegatingMethodAccessorImpl.invoke(DelegatingMethodAccessorImpl.java:43)
at java.base/java.lang.reflect.Method.invoke(Method.java:566)
at org.testng.internal.MethodInvocationHelper.invokeMethod(MethodInvocationHelper.java:131)
at org.testng.internal.Invoker.invokeMethod(Invoker.java:658)
at org.testng.internal.Invoker.invokeTestMethod(Invoker.java:792)
at org.testng.internal.Invoker.invokeTestMethods(Invoker.java:1103)
at org.testng.internal.TestMethodWorker.invokeTestMethods(TestMethodWorker.java:140)
at org.testng.internal.TestMethodWorker.run(TestMethodWorker.java:122)
at org.testng.TestRunner.privateRun(TestRunner.java:739)
at org.testng.TestRunner.run(TestRunner.java:589)
at org.testng.SuiteRunner.runTest(SuiteRunner.java:398)
at org.testng.SuiteRunner.runSequentially(SuiteRunner.java:392)
at org.testng.SuiteRunner.privateRun(SuiteRunner.java:354)
at org.testng.SuiteRunner.run(SuiteRunner.java:302)
at org.testng.SuiteRunnerWorker.runSuite(SuiteRunnerWorker.java:53)
at org.testng.SuiteRunnerWorker.run(SuiteRunnerWorker.java:96)
at org.testng.TestNG.runSuitesSequentially(TestNG.java:1145)
at org.testng.TestNG.runSuitesLocally(TestNG.java:1067)
at org.testng.TestNG.runSuites(TestNG.java:997)
at org.testng.TestNG.run(TestNG.java:965)
at org.apache.maven.surefire.testng.TestNGExecutor.run(TestNGExecutor.java:77)
at org.apache.maven.surefire.testng.TestNGDirectoryTestSuite.execute(TestNGDirectoryTestSuite.java:110)
at org.apache.maven.surefire.testng.TestNGProvider.invoke(TestNGProvider.java:106)
at java.base/jdk.internal.reflect.NativeMethodAccessorImpl.invoke0(Native Method)
at java.base/jdk.internal.reflect.NativeMethodAccessorImpl.invoke(NativeMethodAccessorImpl.java:62)
at java.base/jdk.internal.reflect.DelegatingMethodAccessorImpl.invoke(DelegatingMethodAccessorImpl.java:43)
at java.base/java.lang.reflect.Method.invoke(Method.java:566)
at org.apache.maven.surefire.util.ReflectionUtils.invokeMethodWithArray(ReflectionUtils.java:189)
at org.apache.maven.surefire.booter.ProviderFactory$ProviderProxy.invoke(ProviderFactory.java:165)
at org.apache.maven.surefire.booter.ProviderFactory.invokeProvider(ProviderFactory.java:85)
at org.apache.maven.surefire.booter.ForkedBooter.runSuitesInProcess(ForkedBooter.java:115)
at org.apache.maven.surefire.booter.ForkedBooter.main(ForkedBooter.java:75)
]]>
            </full-stacktrace>
          </exception> <!-- cs.lab.SubseqLength -->
          <reporter-output>
          </reporter-output>
        </test-method> <!-- testCase1 -->
        <test-method signature="testCase2()[pri:0, instance:cs.lab.DNASequencerTest@15923407]" started-at="2020-11-05T09:22:50 PET" name="testCase2" finished-at="2020-11-05T09:22:50 PET" duration-ms="280" status="PASS">
          <exception class="cs.lab.ListSize">
            <message>
              <![CDATA[Too many subsequences.]]>
            </message>
            <full-stacktrace>
              <![CDATA[cs.lab.ListSize: Too many subsequences.
at cs.lab.DNASequencer.calculate(DNASequencer.java:38)
at cs.lab.DNASequencerTest.generic(DNASequencerTest.java:36)
at cs.lab.DNASequencerTest.testCase2(DNASequencerTest.java:24)
at java.base/jdk.internal.reflect.NativeMethodAccessorImpl.invoke0(Native Method)
at java.base/jdk.internal.reflect.NativeMethodAccessorImpl.invoke(NativeMethodAccessorImpl.java:62)
at java.base/jdk.internal.reflect.DelegatingMethodAccessorImpl.invoke(DelegatingMethodAccessorImpl.java:43)
at java.base/java.lang.reflect.Method.invoke(Method.java:566)
at org.testng.internal.MethodInvocationHelper.invokeMethod(MethodInvocationHelper.java:131)
at org.testng.internal.Invoker.invokeMethod(Invoker.java:658)
at org.testng.internal.Invoker.invokeTestMethod(Invoker.java:792)
at org.testng.internal.Invoker.invokeTestMethods(Invoker.java:1103)
at org.testng.internal.TestMethodWorker.invokeTestMethods(TestMethodWorker.java:140)
at org.testng.internal.TestMethodWorker.run(TestMethodWorker.java:122)
at org.testng.TestRunner.privateRun(TestRunner.java:739)
at org.testng.TestRunner.run(TestRunner.java:589)
at org.testng.SuiteRunner.runTest(SuiteRunner.java:398)
at org.testng.SuiteRunner.runSequentially(SuiteRunner.java:392)
at org.testng.SuiteRunner.privateRun(SuiteRunner.java:354)
at org.testng.SuiteRunner.run(SuiteRunner.java:302)
at org.testng.SuiteRunnerWorker.runSuite(SuiteRunnerWorker.java:53)
at org.testng.SuiteRunnerWorker.run(SuiteRunnerWorker.java:96)
at org.testng.TestNG.runSuitesSequentially(TestNG.java:1145)
at org.testng.TestNG.runSuitesLocally(TestNG.java:1067)
at org.testng.TestNG.runSuites(TestNG.java:997)
at org.testng.TestNG.run(TestNG.java:965)
at org.apache.maven.surefire.testng.TestNGExecutor.run(TestNGExecutor.java:77)
at org.apache.maven.surefire.testng.TestNGDirectoryTestSuite.execute(TestNGDirectoryTestSuite.java:110)
at org.apache.maven.surefire.testng.TestNGProvider.invoke(TestNGProvider.java:106)
at java.base/jdk.internal.reflect.NativeMethodAccessorImpl.invoke0(Native Method)
at java.base/jdk.internal.reflect.NativeMethodAccessorImpl.invoke(NativeMethodAccessorImpl.java:62)
at java.base/jdk.internal.reflect.DelegatingMethodAccessorImpl.invoke(DelegatingMethodAccessorImpl.java:43)
at java.base/java.lang.reflect.Method.invoke(Method.java:566)
at org.apache.maven.surefire.util.ReflectionUtils.invokeMethodWithArray(ReflectionUtils.java:189)
at org.apache.maven.surefire.booter.ProviderFactory$ProviderProxy.invoke(ProviderFactory.java:165)
at org.apache.maven.surefire.booter.ProviderFactory.invokeProvider(ProviderFactory.java:85)
at org.apache.maven.surefire.booter.ForkedBooter.runSuitesInProcess(ForkedBooter.java:115)
at org.apache.maven.surefire.booter.ForkedBooter.main(ForkedBooter.java:75)
]]>
            </full-stacktrace>
          </exception> <!-- cs.lab.ListSize -->
          <reporter-output>
          </reporter-output>
        </test-method> <!-- testCase2 -->
        <test-method signature="testCase3()[pri:0, instance:cs.lab.DNASequencerTest@15923407]" started-at="2020-11-05T09:22:50 PET" name="testCase3" finished-at="2020-11-05T09:22:50 PET" duration-ms="45" status="PASS">
          <reporter-output>
          </reporter-output>
        </test-method> <!-- testCase3 -->
        <test-method signature="testCase3()[pri:0, instance:cs.lab.DNASequencerTest@15923407]" started-at="2020-11-05T09:22:50 PET" name="testCase3" finished-at="2020-11-05T09:22:50 PET" duration-ms="45" status="PASS">
          <reporter-output>
          </reporter-output>
        </test-method> <!-- testCase3 -->
        <test-method signature="testCase3()[pri:0, instance:cs.lab.DNASequencerTest@15923407]" started-at="2020-11-05T09:22:50 PET" name="testCase3" finished-at="2020-11-05T09:22:50 PET" duration-ms="34" status="PASS">
          <reporter-output>
          </reporter-output>
        </test-method> <!-- testCase3 -->
        <test-method signature="testCase3()[pri:0, instance:cs.lab.DNASequencerTest@15923407]" started-at="2020-11-05T09:22:50 PET" name="testCase3" finished-at="2020-11-05T09:22:50 PET" duration-ms="44" status="PASS">
          <reporter-output>
          </reporter-output>
        </test-method> <!-- testCase3 -->
        <test-method signature="testCase3()[pri:0, instance:cs.lab.DNASequencerTest@15923407]" started-at="2020-11-05T09:22:50 PET" name="testCase3" finished-at="2020-11-05T09:22:50 PET" duration-ms="27" status="PASS">
          <reporter-output>
          </reporter-output>
        </test-method> <!-- testCase3 -->
        <test-method signature="testCase3()[pri:0, instance:cs.lab.DNASequencerTest@15923407]" started-at="2020-11-05T09:22:50 PET" name="testCase3" finished-at="2020-11-05T09:22:50 PET" duration-ms="18" status="PASS">
          <reporter-output>
          </reporter-output>
        </test-method> <!-- testCase3 -->
        <test-method signature="testCase3()[pri:0, instance:cs.lab.DNASequencerTest@15923407]" started-at="2020-11-05T09:22:50 PET" name="testCase3" finished-at="2020-11-05T09:22:50 PET" duration-ms="12" status="PASS">
          <reporter-output>
          </reporter-output>
        </test-method> <!-- testCase3 -->
        <test-method signature="testCase3()[pri:0, instance:cs.lab.DNASequencerTest@15923407]" started-at="2020-11-05T09:22:50 PET" name="testCase3" finished-at="2020-11-05T09:22:50 PET" duration-ms="13" status="PASS">
          <reporter-output>
          </reporter-output>
        </test-method> <!-- testCase3 -->
        <test-method signature="testCase3()[pri:0, instance:cs.lab.DNASequencerTest@15923407]" started-at="2020-11-05T09:22:50 PET" name="testCase3" finished-at="2020-11-05T09:22:50 PET" duration-ms="11" status="PASS">
          <reporter-output>
          </reporter-output>
        </test-method> <!-- testCase3 -->
        <test-method signature="testCase3()[pri:0, instance:cs.lab.DNASequencerTest@15923407]" started-at="2020-11-05T09:22:50 PET" name="testCase3" finished-at="2020-11-05T09:22:50 PET" duration-ms="16" status="PASS">
          <reporter-output>
          </reporter-output>
        </test-method> <!-- testCase3 -->
        <test-method signature="testCase3()[pri:0, instance:cs.lab.DNASequencerTest@15923407]" started-at="2020-11-05T09:22:50 PET" name="testCase3" finished-at="2020-11-05T09:22:50 PET" duration-ms="12" status="PASS">
          <reporter-output>
          </reporter-output>
        </test-method> <!-- testCase3 -->
        <test-method signature="testCase3()[pri:0, instance:cs.lab.DNASequencerTest@15923407]" started-at="2020-11-05T09:22:50 PET" name="testCase3" finished-at="2020-11-05T09:22:50 PET" duration-ms="10" status="PASS">
          <reporter-output>
          </reporter-output>
        </test-method> <!-- testCase3 -->
        <test-method signature="testCase3()[pri:0, instance:cs.lab.DNASequencerTest@15923407]" started-at="2020-11-05T09:22:50 PET" name="testCase3" finished-at="2020-11-05T09:22:50 PET" duration-ms="1" status="PASS">
          <reporter-output>
          </reporter-output>
        </test-method> <!-- testCase3 -->
        <test-method signature="testCase3()[pri:0, instance:cs.lab.DNASequencerTest@15923407]" started-at="2020-11-05T09:22:50 PET" name="testCase3" finished-at="2020-11-05T09:22:50 PET" duration-ms="34" status="PASS">
          <reporter-output>
          </reporter-output>
        </test-method> <!-- testCase3 -->
        <test-method signature="testCase3()[pri:0, instance:cs.lab.DNASequencerTest@15923407]" started-at="2020-11-05T09:22:50 PET" name="testCase3" finished-at="2020-11-05T09:22:50 PET" duration-ms="29" status="PASS">
          <reporter-output>
          </reporter-output>
        </test-method> <!-- testCase3 -->
        <test-method signature="testCase3()[pri:0, instance:cs.lab.DNASequencerTest@15923407]" started-at="2020-11-05T09:22:50 PET" name="testCase3" finished-at="2020-11-05T09:22:50 PET" duration-ms="25" status="PASS">
          <reporter-output>
          </reporter-output>
        </test-method> <!-- testCase3 -->
        <test-method signature="testCase3()[pri:0, instance:cs.lab.DNASequencerTest@15923407]" started-at="2020-11-05T09:22:50 PET" name="testCase3" finished-at="2020-11-05T09:22:50 PET" duration-ms="61" status="PASS">
          <reporter-output>
          </reporter-output>
        </test-method> <!-- testCase3 -->
        <test-method signature="testCase3()[pri:0, instance:cs.lab.DNASequencerTest@15923407]" started-at="2020-11-05T09:22:50 PET" name="testCase3" finished-at="2020-11-05T09:22:51 PET" duration-ms="70" status="PASS">
          <reporter-output>
          </reporter-output>
        </test-method> <!-- testCase3 -->
        <test-method signature="testCase3()[pri:0, instance:cs.lab.DNASequencerTest@15923407]" started-at="2020-11-05T09:22:50 PET" name="testCase3" finished-at="2020-11-05T09:22:50 PET" duration-ms="10" status="PASS">
          <reporter-output>
          </reporter-output>
        </test-method> <!-- testCase3 -->
        <test-method signature="testCase3()[pri:0, instance:cs.lab.DNASequencerTest@15923407]" started-at="2020-11-05T09:22:50 PET" name="testCase3" finished-at="2020-11-05T09:22:50 PET" duration-ms="32" status="PASS">
          <reporter-output>
          </reporter-output>
        </test-method> <!-- testCase3 -->
        <test-method signature="testCase3()[pri:0, instance:cs.lab.DNASequencerTest@15923407]" started-at="2020-11-05T09:22:50 PET" name="testCase3" finished-at="2020-11-05T09:22:50 PET" duration-ms="27" status="PASS">
          <reporter-output>
          </reporter-output>
        </test-method> <!-- testCase3 -->
        <test-method signature="testCase3()[pri:0, instance:cs.lab.DNASequencerTest@15923407]" started-at="2020-11-05T09:22:50 PET" name="testCase3" finished-at="2020-11-05T09:22:50 PET" duration-ms="51" status="PASS">
          <reporter-output>
          </reporter-output>
        </test-method> <!-- testCase3 -->
        <test-method signature="testCase3()[pri:0, instance:cs.lab.DNASequencerTest@15923407]" started-at="2020-11-05T09:22:50 PET" name="testCase3" finished-at="2020-11-05T09:22:50 PET" duration-ms="34" status="PASS">
          <reporter-output>
          </reporter-output>
        </test-method> <!-- testCase3 -->
        <test-method signature="testCase3()[pri:0, instance:cs.lab.DNASequencerTest@15923407]" started-at="2020-11-05T09:22:50 PET" name="testCase3" finished-at="2020-11-05T09:22:50 PET" duration-ms="51" status="PASS">
          <reporter-output>
          </reporter-output>
        </test-method> <!-- testCase3 -->
        <test-method signature="testCase3()[pri:0, instance:cs.lab.DNASequencerTest@15923407]" started-at="2020-11-05T09:22:50 PET" name="testCase3" finished-at="2020-11-05T09:22:51 PET" duration-ms="56" status="PASS">
          <reporter-output>
          </reporter-output>
        </test-method> <!-- testCase3 -->
        <test-method signature="testCase3()[pri:0, instance:cs.lab.DNASequencerTest@15923407]" started-at="2020-11-05T09:22:50 PET" name="testCase3" finished-at="2020-11-05T09:22:50 PET" duration-ms="20" status="PASS">
          <reporter-output>
          </reporter-output>
        </test-method> <!-- testCase3 -->
        <test-method signature="testCase3()[pri:0, instance:cs.lab.DNASequencerTest@15923407]" started-at="2020-11-05T09:22:50 PET" name="testCase3" finished-at="2020-11-05T09:22:50 PET" duration-ms="47" status="PASS">
          <reporter-output>
          </reporter-output>
        </test-method> <!-- testCase3 -->
        <test-method signature="testCase3()[pri:0, instance:cs.lab.DNASequencerTest@15923407]" started-at="2020-11-05T09:22:50 PET" name="testCase3" finished-at="2020-11-05T09:22:51 PET" duration-ms="53" status="PASS">
          <reporter-output>
          </reporter-output>
        </test-method> <!-- testCase3 -->
        <test-method signature="testCase3()[pri:0, instance:cs.lab.DNASequencerTest@15923407]" started-at="2020-11-05T09:22:50 PET" name="testCase3" finished-at="2020-11-05T09:22:50 PET" duration-ms="37" status="PASS">
          <reporter-output>
          </reporter-output>
        </test-method> <!-- testCase3 -->
        <test-method signature="testCase3()[pri:0, instance:cs.lab.DNASequencerTest@15923407]" started-at="2020-11-05T09:22:50 PET" name="testCase3" finished-at="2020-11-05T09:22:51 PET" duration-ms="43" status="PASS">
          <reporter-output>
          </reporter-output>
        </test-method> <!-- testCase3 -->
        <test-method signature="testCase3()[pri:0, instance:cs.lab.DNASequencerTest@15923407]" started-at="2020-11-05T09:22:50 PET" name="testCase3" finished-at="2020-11-05T09:22:51 PET" duration-ms="43" status="PASS">
          <reporter-output>
          </reporter-output>
        </test-method> <!-- testCase3 -->
        <test-method signature="testCase3()[pri:0, instance:cs.lab.DNASequencerTest@15923407]" started-at="2020-11-05T09:22:50 PET" name="testCase3" finished-at="2020-11-05T09:22:50 PET" duration-ms="31" status="PASS">
          <reporter-output>
          </reporter-output>
        </test-method> <!-- testCase3 -->
        <test-method signature="testCase3()[pri:0, instance:cs.lab.DNASequencerTest@15923407]" started-at="2020-11-05T09:22:50 PET" name="testCase3" finished-at="2020-11-05T09:22:50 PET" duration-ms="22" status="PASS">
          <reporter-output>
          </reporter-output>
        </test-method> <!-- testCase3 -->
        <test-method signature="testCase3()[pri:0, instance:cs.lab.DNASequencerTest@15923407]" started-at="2020-11-05T09:22:50 PET" name="testCase3" finished-at="2020-11-05T09:22:50 PET" duration-ms="21" status="PASS">
          <reporter-output>
          </reporter-output>
        </test-method> <!-- testCase3 -->
        <test-method signature="testCase3()[pri:0, instance:cs.lab.DNASequencerTest@15923407]" started-at="2020-11-05T09:22:50 PET" name="testCase3" finished-at="2020-11-05T09:22:51 PET" duration-ms="15" status="PASS">
          <reporter-output>
          </reporter-output>
        </test-method> <!-- testCase3 -->
        <test-method signature="testCase3()[pri:0, instance:cs.lab.DNASequencerTest@15923407]" started-at="2020-11-05T09:22:50 PET" name="testCase3" finished-at="2020-11-05T09:22:51 PET" duration-ms="16" status="PASS">
          <reporter-output>
          </reporter-output>
        </test-method> <!-- testCase3 -->
        <test-method signature="testCase3()[pri:0, instance:cs.lab.DNASequencerTest@15923407]" started-at="2020-11-05T09:22:50 PET" name="testCase3" finished-at="2020-11-05T09:22:51 PET" duration-ms="11" status="PASS">
          <reporter-output>
          </reporter-output>
        </test-method> <!-- testCase3 -->
        <test-method signature="testCase3()[pri:0, instance:cs.lab.DNASequencerTest@15923407]" started-at="2020-11-05T09:22:50 PET" name="testCase3" finished-at="2020-11-05T09:22:51 PET" duration-ms="5" status="PASS">
          <reporter-output>
          </reporter-output>
        </test-method> <!-- testCase3 -->
        <test-method signature="testCase3()[pri:0, instance:cs.lab.DNASequencerTest@15923407]" started-at="2020-11-05T09:22:51 PET" name="testCase3" finished-at="2020-11-05T09:22:51 PET" duration-ms="14" status="PASS">
          <reporter-output>
          </reporter-output>
        </test-method> <!-- testCase3 -->
        <test-method signature="testCase3()[pri:0, instance:cs.lab.DNASequencerTest@15923407]" started-at="2020-11-05T09:22:51 PET" name="testCase3" finished-at="2020-11-05T09:22:51 PET" duration-ms="13" status="PASS">
          <reporter-output>
          </reporter-output>
        </test-method> <!-- testCase3 -->
        <test-method signature="testCase3()[pri:0, instance:cs.lab.DNASequencerTest@15923407]" started-at="2020-11-05T09:22:51 PET" name="testCase3" finished-at="2020-11-05T09:22:51 PET" duration-ms="6" status="PASS">
          <reporter-output>
          </reporter-output>
        </test-method> <!-- testCase3 -->
        <test-method signature="testCase3()[pri:0, instance:cs.lab.DNASequencerTest@15923407]" started-at="2020-11-05T09:22:51 PET" name="testCase3" finished-at="2020-11-05T09:22:51 PET" duration-ms="6" status="PASS">
          <reporter-output>
          </reporter-output>
        </test-method> <!-- testCase3 -->
        <test-method signature="testCase3()[pri:0, instance:cs.lab.DNASequencerTest@15923407]" started-at="2020-11-05T09:22:51 PET" name="testCase3" finished-at="2020-11-05T09:22:51 PET" duration-ms="4" status="PASS">
          <reporter-output>
          </reporter-output>
        </test-method> <!-- testCase3 -->
        <test-method signature="testCase3()[pri:0, instance:cs.lab.DNASequencerTest@15923407]" started-at="2020-11-05T09:22:51 PET" name="testCase3" finished-at="2020-11-05T09:22:51 PET" duration-ms="7" status="PASS">
          <reporter-output>
          </reporter-output>
        </test-method> <!-- testCase3 -->
        <test-method signature="testCase3()[pri:0, instance:cs.lab.DNASequencerTest@15923407]" started-at="2020-11-05T09:22:51 PET" name="testCase3" finished-at="2020-11-05T09:22:51 PET" duration-ms="38" status="PASS">
          <reporter-output>
          </reporter-output>
        </test-method> <!-- testCase3 -->
        <test-method signature="testCase3()[pri:0, instance:cs.lab.DNASequencerTest@15923407]" started-at="2020-11-05T09:22:51 PET" name="testCase3" finished-at="2020-11-05T09:22:51 PET" duration-ms="31" status="PASS">
          <reporter-output>
          </reporter-output>
        </test-method> <!-- testCase3 -->
        <test-method signature="testCase3()[pri:0, instance:cs.lab.DNASequencerTest@15923407]" started-at="2020-11-05T09:22:51 PET" name="testCase3" finished-at="2020-11-05T09:22:51 PET" duration-ms="40" status="PASS">
          <reporter-output>
          </reporter-output>
        </test-method> <!-- testCase3 -->
        <test-method signature="testCase3()[pri:0, instance:cs.lab.DNASequencerTest@15923407]" started-at="2020-11-05T09:22:51 PET" name="testCase3" finished-at="2020-11-05T09:22:51 PET" duration-ms="42" status="PASS">
          <reporter-output>
          </reporter-output>
        </test-method> <!-- testCase3 -->
        <test-method signature="testCase3()[pri:0, instance:cs.lab.DNASequencerTest@15923407]" started-at="2020-11-05T09:22:51 PET" name="testCase3" finished-at="2020-11-05T09:22:51 PET" duration-ms="43" status="PASS">
          <reporter-output>
          </reporter-output>
        </test-method> <!-- testCase3 -->
        <test-method signature="testCase3()[pri:0, instance:cs.lab.DNASequencerTest@15923407]" started-at="2020-11-05T09:22:51 PET" name="testCase3" finished-at="2020-11-05T09:22:51 PET" duration-ms="27" status="PASS">
          <reporter-output>
          </reporter-output>
        </test-method> <!-- testCase3 -->
      </class> <!-- cs.lab.DNASequencerTest -->
    </test> <!-- Command line test -->
  </suite> <!-- cs.lab.DNASequencerTest -->
</testng-results>
